0 info it worked if it ends with ok
1 verbose cli [ 'D:\\Program Files (x86)\\nodejs\\node.exe',
1 verbose cli   'D:\\Program Files (x86)\\nodejs\\node_modules\\npm\\bin\\npm-cli.js',
1 verbose cli   'run',
1 verbose cli   'build' ]
2 info using npm@4.1.2
3 info using node@v7.7.1
4 verbose run-script [ 'prebuild', 'build', 'postbuild' ]
5 info lifecycle es6-workshop@1.0.0~prebuild: es6-workshop@1.0.0
6 silly lifecycle es6-workshop@1.0.0~prebuild: no script for prebuild, continuing
7 info lifecycle es6-workshop@1.0.0~build: es6-workshop@1.0.0
8 verbose lifecycle es6-workshop@1.0.0~build: unsafe-perm in lifecycle true
9 verbose lifecycle es6-workshop@1.0.0~build: PATH: D:\Program Files (x86)\nodejs\node_modules\npm\bin\node-gyp-bin;C:\Users\thoma\Desktop\Webtech\Webtech Portfolio\Webtech2-Portfolio\Week3\ES6-workshop\node_modules\.bin;D:\Git\cmd;C:\Program Files (x86)\Intel\iCLS Client\;C:\Program Files\Intel\iCLS Client\;C:\Windows\system32;C:\Windows;C:\Windows\System32\Wbem;C:\Windows\System32\WindowsPowerShell\v1.0\;C:\Program Files (x86)\NVIDIA Corporation\PhysX\Common;C:\Program Files (x86)\Intel\Intel(R) Management Engine Components\DAL;C:\Program Files\Intel\Intel(R) Management Engine Components\DAL;C:\Program Files (x86)\Intel\Intel(R) Management Engine Components\IPT;C:\Program Files\Intel\Intel(R) Management Engine Components\IPT;C:\Program Files\Intel\WiFi\bin\;C:\Program Files\Common Files\Intel\WirelessCommon\;C:\WINDOWS\system32;C:\WINDOWS;C:\WINDOWS\System32\Wbem;C:\WINDOWS\System32\WindowsPowerShell\v1.0\;D:\Program Files (x86)\Brackets\command;d:\Git\cmd;D:\Program Files (x86)\nodejs\;C:\Program Files (x86)\Skype\Phone\;C:\Users\thoma\AppData\Local\Microsoft\WindowsApps;;d:\Program Files (x86)\Microsoft VS Code\bin;C:\Users\thoma\AppData\Roaming\npm
10 verbose lifecycle es6-workshop@1.0.0~build: CWD: C:\Users\thoma\Desktop\Webtech\Webtech Portfolio\Webtech2-Portfolio\Week3\ES6-workshop
11 silly lifecycle es6-workshop@1.0.0~build: Args: [ '/d /s /c',
11 silly lifecycle   'babel --presets env scripts/app.es6.js -o scripts/app.es5.js -s true -w' ]
12 silly lifecycle es6-workshop@1.0.0~build: Returned: code: 3221225786  signal: null
13 info lifecycle es6-workshop@1.0.0~build: Failed to exec build script
14 verbose stack Error: es6-workshop@1.0.0 build: `babel --presets env scripts/app.es6.js -o scripts/app.es5.js -s true -w`
14 verbose stack Exit status 3221225786
14 verbose stack     at EventEmitter.<anonymous> (D:\Program Files (x86)\nodejs\node_modules\npm\lib\utils\lifecycle.js:279:16)
14 verbose stack     at emitTwo (events.js:106:13)
14 verbose stack     at EventEmitter.emit (events.js:194:7)
14 verbose stack     at ChildProcess.<anonymous> (D:\Program Files (x86)\nodejs\node_modules\npm\lib\utils\spawn.js:40:14)
14 verbose stack     at emitTwo (events.js:106:13)
14 verbose stack     at ChildProcess.emit (events.js:194:7)
14 verbose stack     at maybeClose (internal/child_process.js:899:16)
14 verbose stack     at Process.ChildProcess._handle.onexit (internal/child_process.js:226:5)
15 verbose pkgid es6-workshop@1.0.0
16 verbose cwd C:\Users\thoma\Desktop\Webtech\Webtech Portfolio\Webtech2-Portfolio\Week3\ES6-workshop
17 error Windows_NT 10.0.14393
18 error argv "D:\\Program Files (x86)\\nodejs\\node.exe" "D:\\Program Files (x86)\\nodejs\\node_modules\\npm\\bin\\npm-cli.js" "run" "build"
19 error node v7.7.1
20 error npm  v4.1.2
21 error code ELIFECYCLE
22 error es6-workshop@1.0.0 build: `babel --presets env scripts/app.es6.js -o scripts/app.es5.js -s true -w`
22 error Exit status 3221225786
23 error Failed at the es6-workshop@1.0.0 build script 'babel --presets env scripts/app.es6.js -o scripts/app.es5.js -s true -w'.
23 error Make sure you have the latest version of node.js and npm installed.
23 error If you do, this is most likely a problem with the es6-workshop package,
23 error not with npm itself.
23 error Tell the author that this fails on your system:
23 error     babel --presets env scripts/app.es6.js -o scripts/app.es5.js -s true -w
23 error You can get information on how to open an issue for this project with:
23 error     npm bugs es6-workshop
23 error Or if that isn't available, you can get their info via:
23 error     npm owner ls es6-workshop
23 error There is likely additional logging output above.
24 verbose exit [ 1, true ]
